#
# There is insufficient memory for the Java Runtime Environment to continue.
# Native memory allocation (mmap) failed to map 266338304 bytes. Error detail: G1 virtual space
# Possible reasons:
#   The system is out of physical RAM or swap space
#   This process is running with CompressedOops enabled, and the Java Heap may be blocking the growth of the native heap
# Possible solutions:
#   Reduce memory load on the system
#   Increase physical memory or swap space
#   Check if swap backing store is full
#   Decrease Java heap size (-Xmx/-Xms)
#   Decrease number of Java threads
#   Decrease Java thread stack sizes (-Xss)
#   Set larger code cache with -XX:ReservedCodeCacheSize=
#   JVM is running with Unscaled Compressed Oops mode in which the Java heap is
#     placed in the first 4GB address space. The Java Heap base address is the
#     maximum limit for the native heap growth. Please use -XX:HeapBaseMinAddress
#     to set the Java Heap base and to place the Java Heap above 4GB virtual address.
# This output file may be truncated or incomplete.
#
#  Out of Memory Error (os_windows.cpp:3603), pid=3064, tid=21532
#
# JRE version:  (21.0.3+9) (build )
# Java VM: OpenJDK 64-Bit Server VM (21.0.3+9-LTS, mixed mode, sharing, tiered, compressed oops, compressed class ptrs, g1 gc, windows-amd64)
# No core dump will be written. Minidumps are not enabled by default on client versions of Windows
#

---------------  S U M M A R Y ------------

Command Line: -Dorg.gradle.internal.worker.tmpdir=D:\ToastMasterApp\build\tmp\test\work -Xmx512m -Dfile.encoding=UTF-8 -Duser.country=US -Duser.language=en -Duser.variant -ea worker.org.gradle.process.internal.worker.GradleWorkerMain 'Gradle Test Executor 5'

Host: Intel(R) Core(TM) i3-10110U CPU @ 2.10GHz, 4 cores, 15G,  Windows 10 , 64 bit Build 19041 (10.0.19041.4717)
Time: Sat Aug 31 15:19:27 2024 India Standard Time elapsed time: 0.023865 seconds (0d 0h 0m 0s)

---------------  T H R E A D  ---------------

Current thread (0x000002b5e5253c80):  JavaThread "Unknown thread" [_thread_in_vm, id=21532, stack(0x000000d4bc700000,0x000000d4bc800000) (1024K)]

Stack: [0x000000d4bc700000,0x000000d4bc800000]
Native frames: (J=compiled Java code, j=interpreted, Vv=VM code, C=native code)
V  [jvm.dll+0x6d8019]
V  [jvm.dll+0x8b3993]
V  [jvm.dll+0x8b5cee]
V  [jvm.dll+0x8b63d3]
V  [jvm.dll+0x285436]
V  [jvm.dll+0x6d47e5]
V  [jvm.dll+0x6c8f1a]
V  [jvm.dll+0x35e13b]
V  [jvm.dll+0x365ce6]
V  [jvm.dll+0x3b7276]
V  [jvm.dll+0x3b7548]
V  [jvm.dll+0x33188c]
V  [jvm.dll+0x33257b]
V  [jvm.dll+0x87ba79]
V  [jvm.dll+0x3c4641]
V  [jvm.dll+0x864eb8]
V  [jvm.dll+0x4593de]
V  [jvm.dll+0x45af51]
C  [jli.dll+0x52ab]
C  [ucrtbase.dll+0x21bb2]
C  [KERNEL32.DLL+0x17374]
C  [ntdll.dll+0x4cc91]


---------------  P R O C E S S  ---------------

Threads class SMR info:
_java_thread_list=0x00007ff98a200048, length=0, elements={
}

Java Threads: ( => current thread )
Total: 0

Other Threads:
  0x000002b5e527c9b0 WorkerThread "GC Thread#0"                     [id=28376, stack(0x000000d4bc800000,0x000000d4bc900000) (1024K)]
  0x000002b5e5281990 ConcurrentGCThread "G1 Main Marker"            [id=8404, stack(0x000000d4bc900000,0x000000d4bca00000) (1024K)]
  0x000002b5e5282490 WorkerThread "G1 Conc#0"                       [id=7440, stack(0x000000d4bca00000,0x000000d4bcb00000) (1024K)]

[error occurred during error reporting (printing all threads), id 0xc0000005, EXCEPTION_ACCESS_VIOLATION (0xc0000005) at pc=0x00007ff9899049e7]
VM state: not at safepoint (not fully initialized)

VM Mutex/Monitor currently owned by a thread:  ([mutex/lock_event])
[0x00007ff98a2742a8] Heap_lock - owner thread: 0x000002b5e5253c80

Heap address: 0x00000000e0000000, size: 512 MB, Compressed Oops mode: 32-bit

CDS archive(s) mapped at: [0x0000000000000000-0x0000000000000000-0x0000000000000000), size 0, SharedBaseAddress: 0x0000000800000000, ArchiveRelocationMode: 1.
Narrow klass base: 0x0000000000000000, Narrow klass shift: 0, Narrow klass range: 0x0

GC Precious Log:
 CardTable entry size: 512
 Card Set container configuration: InlinePtr #cards 5 size 8 Array Of Cards #cards 12 size 40 Howl #buckets 4 coarsen threshold 1843 Howl Bitmap #cards 512 size 80 coarsen threshold 460 Card regions per heap region 1 cards per card region 2048

Heap:
 garbage-first heap   total 0K, used 0K [0x00000000e0000000, 0x0000000100000000)
  region size 1024K, 0 young (0K), 0 survivors (0K)

[error occurred during error reporting (printing heap information), id 0xc0000005, EXCEPTION_ACCESS_VIOLATION (0xc0000005) at pc=0x00007ff989cf2079]
GC Heap History (0 events):
No events

Dll operation events (1 events):
Event: 0.016 Loaded shared library C:\Program Files\Microsoft\jdk-21.0.3.9-hotspot\bin\java.dll

Deoptimization events (0 events):
No events

Classes loaded (0 events):
No events

Classes unloaded (0 events):
No events

Classes redefined (0 events):
No events

Internal exceptions (0 events):
No events

ZGC Phase Switch (0 events):
No events

VM Operations (0 events):
No events

Events (0 events):
No events


Dynamic libraries:
0x00007ff72d670000 - 0x00007ff72d67e000 	C:\Program Files\Microsoft\jdk-21.0.3.9-hotspot\bin\java.exe
0x00007ff9fd890000 - 0x00007ff9fda88000 	C:\Windows\SYSTEM32\ntdll.dll
0x00007ff9fbc70000 - 0x00007ff9fbd31000 	C:\Windows\System32\KERNEL32.DLL
0x00007ff9faf10000 - 0x00007ff9fb20d000 	C:\Windows\System32\KERNELBASE.dll
0x00007ff9faca0000 - 0x00007ff9fada0000 	C:\Windows\System32\ucrtbase.dll
0x00007ff9f1000000 - 0x00007ff9f1018000 	C:\Program Files\Microsoft\jdk-21.0.3.9-hotspot\bin\jli.dll
0x00007ff9fbe50000 - 0x00007ff9fbfed000 	C:\Windows\System32\USER32.dll
0x00007ff9faee0000 - 0x00007ff9faf02000 	C:\Windows\System32\win32u.dll
0x00007ff9fce90000 - 0x00007ff9fcebb000 	C:\Windows\System32\GDI32.dll
0x00007ff9fa930000 - 0x00007ff9faa47000 	C:\Windows\System32\gdi32full.dll
0x00007ff9fb210000 - 0x00007ff9fb2ad000 	C:\Windows\System32\msvcp_win.dll
0x00007ff9f0f40000 - 0x00007ff9f0f5b000 	C:\Program Files\Microsoft\jdk-21.0.3.9-hotspot\bin\VCRUNTIME140.dll
0x00007ff9d32e0000 - 0x00007ff9d357a000 	C:\Windows\WinSxS\amd64_microsoft.windows.common-controls_6595b64144ccf1df_6.0.19041.4355_none_60b8b9eb71f62e16\COMCTL32.dll
0x00007ff9fc1f0000 - 0x00007ff9fc28e000 	C:\Windows\System32\msvcrt.dll
0x00007ff9fbe20000 - 0x00007ff9fbe4f000 	C:\Windows\System32\IMM32.DLL
0x00007ff9f1040000 - 0x00007ff9f104c000 	C:\Program Files\Microsoft\jdk-21.0.3.9-hotspot\bin\vcruntime140_1.dll
0x00007ff9c3b10000 - 0x00007ff9c3b9d000 	C:\Program Files\Microsoft\jdk-21.0.3.9-hotspot\bin\msvcp140.dll
0x00007ff9895c0000 - 0x00007ff98a354000 	C:\Program Files\Microsoft\jdk-21.0.3.9-hotspot\bin\server\jvm.dll
0x00007ff9fbbc0000 - 0x00007ff9fbc70000 	C:\Windows\System32\ADVAPI32.dll
0x00007ff9fd690000 - 0x00007ff9fd730000 	C:\Windows\System32\sechost.dll
0x00007ff9fccc0000 - 0x00007ff9fcde3000 	C:\Windows\System32\RPCRT4.dll
0x00007ff9fac00000 - 0x00007ff9fac27000 	C:\Windows\System32\bcrypt.dll
0x00007ff9fc3a0000 - 0x00007ff9fc40b000 	C:\Windows\System32\WS2_32.dll
0x00007ff9fb5b0000 - 0x00007ff9fb5ba000 	C:\Windows\System32\VERSION.dll
0x00007ff9fa490000 - 0x00007ff9fa4db000 	C:\Windows\SYSTEM32\POWRPROF.dll
0x00007ff9ec3e0000 - 0x00007ff9ec407000 	C:\Windows\SYSTEM32\WINMM.dll
0x00007ff9fa380000 - 0x00007ff9fa392000 	C:\Windows\SYSTEM32\UMPDC.dll
0x00007ff9f8f60000 - 0x00007ff9f8f72000 	C:\Windows\SYSTEM32\kernel.appcore.dll
0x00007ff9f0f30000 - 0x00007ff9f0f3a000 	C:\Program Files\Microsoft\jdk-21.0.3.9-hotspot\bin\jimage.dll
0x00007ff9f8340000 - 0x00007ff9f8524000 	C:\Windows\SYSTEM32\DBGHELP.DLL
0x00007ff9d4680000 - 0x00007ff9d46b4000 	C:\Windows\SYSTEM32\dbgcore.DLL
0x00007ff9fada0000 - 0x00007ff9fae22000 	C:\Windows\System32\bcryptPrimitives.dll
0x00007ff9f0a30000 - 0x00007ff9f0a4f000 	C:\Program Files\Microsoft\jdk-21.0.3.9-hotspot\bin\java.dll

dbghelp: loaded successfully - version: 4.0.5 - missing functions: none
symbol engine: initialized successfully - sym options: 0x614 - pdb path: .;C:\Program Files\Microsoft\jdk-21.0.3.9-hotspot\bin;C:\Windows\SYSTEM32;C:\Windows\WinSxS\amd64_microsoft.windows.common-controls_6595b64144ccf1df_6.0.19041.4355_none_60b8b9eb71f62e16;C:\Program Files\Microsoft\jdk-21.0.3.9-hotspot\bin\server

VM Arguments:
jvm_args: -Dorg.gradle.internal.worker.tmpdir=D:\ToastMasterApp\build\tmp\test\work -Xmx512m -Dfile.encoding=UTF-8 -Duser.country=US -Duser.language=en -Duser.variant -ea 
java_command: worker.org.gradle.process.internal.worker.GradleWorkerMain 'Gradle Test Executor 5'
java_class_path (initial): C:\\Users\\naushad.shaikh\\.gradle\\caches\\8.8\\workerMain\\gradle-worker.jar;D:\\ToastMasterApp\\build\\classes\\java\\test;D:\\ToastMasterApp\\build\\classes\\java\\main;D:\\ToastMasterApp\\build\\resources\\main;C:\\Users\\naushad.shaikh\\.gradle\\caches\\modules-2\\files-2.1\\org.springframework.boot\\spring-boot-starter-data-jpa\\3.3.2\\2731d74dfc18fb905c29930cf55493980c2cee5a\\spring-boot-starter-data-jpa-3.3.2.jar;C:\\Users\\naushad.shaikh\\.gradle\\caches\\modules-2\\files-2.1\\org.springframework.boot\\spring-boot-starter-web\\3.3.2\\720418538668a8742d0ae24097811d5250cf5c32\\spring-boot-starter-web-3.3.2.jar;C:\\Users\\naushad.shaikh\\.gradle\\caches\\modules-2\\files-2.1\\org.springframework.boot\\spring-boot-starter-validation\\3.3.0\\567b0ee4be72f0888addbbb52f66979d5e6ecf1\\spring-boot-starter-validation-3.3.0.jar;C:\\Users\\naushad.shaikh\\.gradle\\caches\\modules-2\\files-2.1\\org.postgresql\\postgresql\\42.7.3\\24f3e9f7231428cd20eb4dde00dd3fce44e05464\\postgresql-42.7.3.jar;C:\\Users\\naushad.shaikh\\.gradle\\caches\\modules-2\\files-2.1\\org.springframework.boot\\spring-boot-starter-test\\3.3.2\\7b4eb23bcd42b088b8a03088ff8e54c194f34240\\spring-boot-starter-test-3.3.2.jar;C:\\Users\\naushad.shaikh\\.gradle\\caches\\modules-2\\files-2.1\\org.junit.jupiter\\junit-jupiter\\5.10.3\\6686d8fbf251f9bf8ecba413cab57b9e00f9134d\\junit-jupiter-5.10.3.jar;C:\\Users\\naushad.shaikh\\.gradle\\caches\\modules-2\\files-2.1\\org.junit.jupiter\\junit-jupiter-engine\\5.10.3\\48c14e866bb1a87ca35d24ff068463bb202ada24\\junit-jupiter-engine-5.10.3.jar;C:\\Users\\naushad.shaikh\\.gradle\\caches\\modules-2\\files-2.1\\org.junit.platform\\junit-platform-engine\\1.10.3\\365a320c3cfd47f3346625e541e424e35dc75c42\\junit-platform-engine-1.10.3.jar;C:\\Users\\naushad.shaikh\\.gradle\\caches\\modules-2\\files-2.1\\org.mockito\\mockito-junit-jupiter\\5.11.0\\8e658dd339f40305ed4293db25545b5df98b171b\\mockito-junit-jupiter-5.11.0.jar;C:\\Users\\naushad.shaikh\\.gradle\\caches\\modules-2\\files-2.1\\org.junit.jupiter\\junit-jupiter-params\\5.10.3\\4852f4e4af9074d9214213b199751f99efeab8b9\\junit-jupiter-params-5.10.3.jar;C:\\Users\\naushad.shaikh\\.gradle\\caches\\modules-2\\files-2.1\\org.junit.jupiter\\junit-jupiter-api\\5.10.3\\a22aa91d1d6c69b2020a9aeb6d095ea81132bfa5\\junit-jupiter-api-5.10.3.jar;C:\\Users\\naushad.shaikh\\.gradle\\caches\\modules-2\\files-2.1\\org.junit.platform\\junit-platform-commons\\1.10.3\\a353d42a2f13343a7cb80c5228ae66ff64495481\\junit-platform-commons-1.10.3.jar;C:\\Users\\naushad.shaikh\\.gradle\\caches\\modules-2\\files-2.1\\org.junit.platform\\junit-platform-launcher\\1.10.3\\2e07e6389624f3e93fb2e87aec2fdc30cc84b069\\junit-platform-launcher-1.10.3.jar;C:\\Users\\naushad.shaikh\\.gradle\\caches\\modules-2\\files-2.1\\org.springframework.boot\\spring-boot-starter-aop\\3.3.2\\26d996e253768d3121bb3ffbef28cefc07fdbddb\\spring-boot-starter-aop-3.3.2.jar;C:\\Users\\naushad.shaikh\\.gradle\\caches\\modules-2\\files-2.1\\org.springframework.boot\\spring-boot-starter-jdbc\\3.3.2\\544775d745288972598ab2e872e5a4816b6d9b39\\spring-boot-starter-jdbc-3.3.2.jar;C:\\Users\\naushad.shaikh\\.gradle\\caches\\modules-2\\files-2.1\\org.hibernate.orm\\hibernate-core\\6.5.2.Final\\e9e0cc47f6cd2b2553968aee66bd9e55e7485221\\hibernate-core-6.5.2.Final.jar;C:\\Users\\naushad.shaikh\\.gradle\\caches\\modules-2\\files-2.1\\org.springframework.data\\spring-data-jpa\\3.3.2\\cfa9cd077f3f15d0657bbb6d7c8e1c7c7da7e6e2\\spring-data-jpa-3.3.2.jar;C:\\Users\\naushad.shaikh\\.gradle\\caches\\modules-2\\files-2.1\\org.springframework\\spring-aspects\\6.1.11\\141d92094a460f338aa0999023ca7a25861d49a1\\spring-aspects-6.1.11.jar;C:\\Users\\naushad.shaikh\\.gradle\\caches\\modules-2\\files-2.1\\org.springframework.boot\\spring-boot-starter-json\\3.3.2\\d8b8b73e7820092b4e41d730eeb968add7957c45\\spring-boot-starter-json-3.3.2.jar;C:\\Users\\naushad.shaikh\\.gradle\\caches\\modules-2\\files-2.1\\org.springframework.boot\\spring-boot-starter\\3.3.2\\f9377a223dab5c4afe7aead05bf6ac567cf565ab\\spring-boot-starter-3.3.2.jar;C:\\Users\\naushad.shaikh\\.gradle\\caches\\modules-2\\files-2.1\\org.springframework.boot\\spring-boot-starter-tomcat\\3.3.2\\37ccb53cd5207fffd7a6fc1b591687f8cb1350df\\spring-boot-starter-tomcat-3.3.2.jar;C:\\Users\\naushad.shaikh\\.gradle\\caches\\modules-2\\files-2.1\\org.springframework\\spring-webmvc\\6.1.11\\9ec4c2a5e28bf7b2d60e254e976940b12c8ba32a\\spring-webmvc-6.1.11.jar;C:\\Users\\naushad.shaikh\\.gradle\\caches\\modules-2\\files-2.1\\org.springframework\\spring-web\\6.1.11\\8910d08f15492273543d2c8032b2b895e08ed9e\\spring-web-6.1.11.jar;C:\\Users\\naushad.shaikh\\.gradle\\caches\\modules-2\\files-2.1\\org.apache.tomcat.embed\\tomcat-embed-el\\10.1.26\\5a5cbcb3e51fcd557b164736e9920a3dd2ac1e33\\tomcat-embed-el-10.1.26.jar;C:\\Users\\naushad.shaikh\\.gradle\\caches\\modules-2\\files-2.1\\org.hibernate.validator\\hibernate-validator\\8.0.1.Final\\e49e116b3d3928060599b176b3538bb848718e95\\hibernate-validator-8.0.1.Final.jar;C:\\Users\\naushad.shaikh\\.gradle\\caches\\modules-2\\files-2.1\\org.checkerframework\\checker-qual\\3.42.0\\638ec33f363a94d41a4f03c3e7d3dcfba64e402d\\checker-qual-3.42.0.jar;C:\\Users\\naushad.shaikh\\.gradle\\caches\\modules-2\\files-2.1\\org.springframework.boot\\spring-boot-test-autoconfigure\\3.3.2\\73b7d34fbb427ba9d40ded122e55fd721e4a5bef\\spring-boot-test-autoconfigure-3.3.2.jar;C:\\Users\\naushad.shaikh\\.gradle\\caches\\modules-2\\files-2.1\\org.springframework.boot\\spring-boot-test\\3.3.2\\65d63a6516482fcd70e65a3c0fa1e6ca0f3a29a3\\spring-boot-test-3.3.2.jar;C:\\Users\\naushad.shaikh\\.gradle\\caches\\modules-2\\files-2.1\\com.jayway.jsonpath\\json-path\\2.9.0\\37fe2217f577b0b68b18e62c4d17a8858ecf9b69\\json-path-2.9.0.jar;C:\\Users\\naushad.shaikh\\.gradle\\caches\\modules-2\\files-2.1\\org.glassfish.jaxb\\jaxb-runtime\\4.0.5\\ca84c2a7169b5293e232b9d00d1e4e36d4c3914a\\jaxb-runtime-4.0.5.jar;C:\\Users\\naushad.shaikh\\.gradle\\caches\\modules-2\\files-2.1\\org.glassfish.jaxb\\jaxb-core\\4.0.5\\7b4b11ea5542eea4ad55e1080b23be436795b3\\jaxb-core-4.0.5.jar;C:\\Users\\naushad.shaikh\\.gradle\\caches\\modules-2\\files-2.1\\jakarta.xml.bind\\jakarta.xml.bind-api\\4.0.2\\6cd5a999b834b63238005b7144136379dc36cad2\\jakarta.xml.bind-api-4.0.2.jar;C:\\Users\\naushad.shaikh\\.gradle\\caches\\modules-2\\files-2.1\\net.minidev\\json-smart\\2.5.1\\4c11d2808d009132dfbbf947ebf37de6bf266c8e\\json-smart-2.5.1.jar;C:\\Users\\naushad.shaikh\\.gradle\\caches\\modules-2\\files-2.1\\org.assertj\\assertj-core\\3.25.3\\792b270e73aa1cfc28fa135be0b95e69ea451432\\assertj-core-3.25.3.jar;C:\\Users\\naushad.shaikh\\.gradle\\caches\\modules-2\\files-2.1\\org.awaitility\\awaitility\\4.2.1\\e56b600e0b184182ba5b2baccd2bab593a98a624\\awaitility-4.2.1.jar;C:\\Users\\naushad.shaikh\\.gradle\\caches\\modules-2\\files-2.1\\org.hamcrest\\hamcrest\\2.2\\1820c0968dba3a11a1b30669bb1f01978a91dedc\\hamcrest-2.2.jar;C:\\Users\\naushad.shaikh\\.gradle\\caches\\modules-2\\files-2.1\\org.mockito\\mockito-core\\5.11.0\\e4069fa4f4ff2c94322cfec5f2e45341c6c70aff\\mockito-core-5.11.0.jar;C:\\Users\\naushad.shaikh\\.gradle\\caches\\modules-2\\files-2.1\\org.skyscreamer\\jsonassert\\1.5.3\\aaa43e0823d2a0e106e8754d6a9c4ab24e05e9bc\\jsonassert-1.5.3.jar;C:\\Users\\naushad.shaikh\\.gradle\\caches\\modules-2\\files-2.1\\org.springframework\\spring-test\\6.1.11\\413005921c335352caa6eb2e650bc078819d814e\\spring-test-6.1.11.jar;C:\\Users\\naushad.shaikh\\.gradle\\caches\\modules-2\\files-2.1\\org.springframework.boot\\spring-boot-autoconfigure\\3.3.2\\6a9ab910b00f0b504a5903e3680ac10018da6247\\spring-boot-autoconfigure-3.3.2.jar;C:\\Users\\naushad.shaikh\\.gradle\\caches\\modules-2\\files-2.1\\org.springframework.boot\\spring-boot\\3.3.2\\72a257d5518b2b8b9949a26543cdb3a4e67de5f8\\spring-boot-3.3.2.jar;C:\\Users\\naushad.shaikh\\.gradle\\caches\\modules-2\\files-2.1\\org.springframework\\spring-context\\6.1.11\\8fc69f776333713aa26be8821af8c6355ccad8d8\\spring-context-6.1.11.jar;C:\\Users\\naushad.shaikh\\.gradle\\caches\\modules-2\\files-2.1\\org.springframework\\spring-aop\\6.1.11\\3503ef99b759b81f8b0b3d5260bf4842e393a581\\spring-aop-6.1.11.jar;C:\\Users\\naushad.shaikh\\.gradle\\caches\\modules-2\\files-2.1\\org.springframework\\spring-orm\\6.1.11\\b96b83839b970f3a5d2ad2f86845924654a17886\\spring-orm-6.1.11.jar;C:\\Users\\naushad.shaikh\\.gradle\\caches\\modules-2\\files-2.1\\org.springframework\\spring-jdbc\\6.1.11\\92b9f712206993c56c56903547c6b695a4a70128\\spring-jdbc-6.1.11.jar;C:\\Users\\naushad.shaikh\\.gradle\\caches\\modules-2\\files-2.1\\org.springframework.data\\spring-data-commons\\3.3.2\\5f08fd077c957fd561bef09b08ef6cdf54e1c826\\spring-data-commons-3.3.2.jar;C:\\Users\\naushad.shaikh\\.gradle\\caches\\modules-2\\files-2.1\\org.springframework\\spring-tx\\6.1.11\\2e38b3218ae80d0b5401a4ef299c4cfbc3a73ed7\\spring-tx-6.1.11.jar;C:\\Users\\naushad.shaikh\\.gradle\\caches\\modules-2\\files-2.1\\org.springframework\\spring-beans\\6.1.11\\266176d132ab2bbf8e69e4aa6d7f47ec746ddc9a\\spring-beans-6.1.11.jar;C:\\Users\\naushad.shaikh\\.gradle\\caches\\modules-2\\files-2.1\\org.springframework\\spring-expression\\6.1.11\\7c12cf1cd39289cfab7c5933eda9e4704a7f2799\\spring-expression-6.1.11.jar;C:\\Users\\naushad.shaikh\\.gradle\\caches\\modules-2\\files-2.1\\org.springframework\\spring-core\\6.1.11\\90fce4311852c68c1e87c65adf60db9add1a6dcb\\spring-core-6.1.11.jar;C:\\Users\\naushad.shaikh\\.gradle\\caches\\modules-2\\files-2.1\\org.xmlunit\\xmlunit-core\\2.9.1\\e5833662d9a1279a37da3ef6f62a1da29fcd68c4\\xmlunit-core-2.9.1.jar;C:\\Users\\naushad.shaikh\\.gradle\\caches\\modules-2\\files-2.1\\org.aspectj\\aspectjweaver\\1.9.22.1\\bca243d0af0db4758fbae45c5f4995cb5dabb612\\aspectjweaver-1.9.22.1.jar;C:\\Users\\naushad.shaikh\\.gradle\\caches\\modules-2\\files-2.1\\com.zaxxer\\HikariCP\\5.1.0\\8c96e36c14461fc436bb02b264b96ef3ca5dca8c\\HikariCP-5.1.0.jar;C:\\Users\\naushad.shaikh\\.gradle\\caches\\modules-2\\files-2.1\\jakarta.persistence\\jakarta.persistence-api\\3.1.0\\66901fa1c373c6aff65c13791cc11da72060a8d6\\jakarta.persistence-api-3.1.0.jar;C:\\Users\\naushad.shaikh\\.gradle\\caches\\modules-2\\files-2.1\\jakarta.transaction\\jakarta.transaction-api\\2.0.1\\51a520e3fae406abb84e2e1148e6746ce3f80a1a\\jakarta.transaction-api-2.0.1.jar;C:\\Users\\naushad.shaikh\\.gradle\\caches\\modules-2\\files-2.1\\org.jboss.logging\\jboss-logging\\3.5.3.Final\\c88fc1d8a96d4c3491f55d4317458ccad53ca663\\jboss-logging-3.5.3.Final.jar;C:\\Users\\naushad.shaikh\\.gradle\\caches\\modules-2\\files-2.1\\org.hibernate.common\\hibernate-commons-annotations\\6.0.6.Final\\77a5f94b56d49508e0ee334751db5b78e5ccd50c\\hibernate-commons-annotations-6.0.6.Final.jar;C:\\Users\\naushad.shaikh\\.gradle\\caches\\modules-2\\files-2.1\\io.smallrye\\jandex\\3.1.2\\a6c1c89925c7df06242b03dddb353116ceb9584c\\jandex-3.1.2.jar;C:\\Users\\naushad.shaikh\\.gradle\\caches\\modules-2\\files-2.1\\com.fasterxml\\classmate\\1.7.0\\e98374da1f2143ac8e6e0a95036994bb19137a3\\classmate-1.7.0.jar;C:\\Users\\naushad.shaikh\\.gradle\\caches\\modules-2\\files-2.1\\net.bytebuddy\\byte-buddy\\1.14.18\\81e9b9a20944626e6757b5950676af901c2485\\byte-buddy-1.14.18.jar;C:\\Users\\naushad.shaikh\\.gradle\\caches\\modules-2\\files-2.1\\jakarta.inject\\jakarta.inject-api\\2.0.1\\4c28afe1991a941d7702fe1362c365f0a8641d1e\\jakarta.inject-api-2.0.1.jar;C:\\Users\\naushad.shaikh\\.gradle\\caches\\modules-2\\files-2.1\\org.antlr\\antlr4-runtime\\4.13.0\\5a02e48521624faaf5ff4d99afc88b01686af655\\antlr4-runtime-4.13.0.jar;C:\\Users\\naushad.shaikh\\.gradle\\caches\\modules-2\\files-2.1\\jakarta.annotation\\jakarta.annotation-api\\2.1.1\\48b9bda22b091b1f48b13af03fe36db3be6e1ae3\\jakarta.annotation-api-2.1.1.jar;C:\\Users\\naushad.shaikh\\.gradle\\caches\\modules-2\\files-2.1\\org.springframework.boot\\spring-boot-starter-logging\\3.3.2\\b685c97f3c24dc30c53ae18151a798f701f2a640\\spring-boot-starter-logging-3.3.2.jar;C:\\Users\\naushad.shaikh\\.gradle\\caches\\modules-2\\files-2.1\\ch.qos.logback\\logback-classic\\1.5.6\\afc75d260d838a3bddfb8f207c2805ed7d1b34f9\\logback-classic-1.5.6.jar;C:\\Users\\naushad.shaikh\\.gradle\\caches\\modules-2\\files-2.1\\org.apache.logging.log4j\\log4j-to-slf4j\\2.23.1\\425ad1eb8a39904d2830e907a324e956fb456520\\log4j-to-slf4j-2.23.1.jar;C:\\Users\\naushad.shaikh\\.gradle\\caches\\modules-2\\files-2.1\\org.slf4j\\jul-to-slf4j\\2.0.13\\a3bcd9d9dd50c71ce69f06b1fd05e40fdeff6ba5\\jul-to-slf4j-2.0.13.jar;C:\\Users\\naushad.shaikh\\.gradle\\caches\\modules-2\\files-2.1\\org.slf4j\\slf4j-api\\2.0.13\\80229737f704b121a318bba5d5deacbcf395bc77\\slf4j-api-2.0.13.jar;C:\\Users\\naushad.shaikh\\.gradle\\caches\\modules-2\\files-2.1\\org.yaml\\snakeyaml\\2.2\\3af797a25458550a16bf89acc8e4ab2b7f2bfce0\\snakeyaml-2.2.jar;C:\\Users\\naushad.shaikh\\.gradle\\caches\\modules-2\\files-2.1\\com.fasterxml.jackson.datatype\\jackson-datatype-jsr310\\2.17.2\\267b85e9ba2892a37be6d80aa9ca1438a0d8c210\\jackson-datatype-jsr310-2.17.2.jar;C:\\Users\\naushad.shaikh\\.gradle\\caches\\modules-2\\files-2.1\\com.fasterxml.jackson.module\\jackson-module-parameter-names\\2.17.2\\d27b9f95ccce98984c1ba58d61c5a9c072b1ad95\\jackson-module-parameter-names-2.17.2.jar;C:\\Users\\naushad.shaikh\\.gradle\\caches\\modules-2\\files-2.1\\com.fasterxml.jackson.core\\jackson-annotations\\2.17.2\\147b7b9412ffff24339f8aba080b292448e08698\\jackson-annotations-2.17.2.jar;C:\\Users\\naushad.shaikh\\.gradle\\caches\\modules-2\\files-2.1\\com.fasterxml.jackson.core\\jackson-core\\2.17.2\\969a35cb35c86512acbadcdbbbfb044c877db814\\jackson-core-2.17.2.jar;C:\\Users\\naushad.shaikh\\.gradle\\caches\\modules-2\\files-2.1\\com.fasterxml.jackson.datatype\\jackson-datatype-jdk8\\2.17.2\\efd3dd0e1d0db8bc72abbe71c15e697bb83b4b45\\jackson-datatype-jdk8-2.17.2.jar;C:\\Users\\naushad.shaikh\\.gradle\\caches\\modules-2\\files-2.1\\com.fasterxml.jackson.core\\jackson-databind\\2.17.2\\e6deb029e5901e027c129341fac39e515066b68c\\jackson-databind-2.17.2.jar;C:\\Users\\naushad.shaikh\\.gradle\\caches\\modules-2\\files-2.1\\org.apache.tomcat.embed\\tomcat-embed-websocket\\10.1.26\\3b147d7e5566e9361e86422f9e49fdd56a429637\\tomcat-embed-websocket-10.1.26.jar;C:\\Users\\naushad.shaikh\\.gradle\\caches\\modules-2\\files-2.1\\org.apache.tomcat.embed\\tomcat-embed-core\\10.1.26\\5e0fa06ca373ef0ca55e603291ea51b590c377ea\\tomcat-embed-core-10.1.26.jar;C:\\Users\\naushad.shaikh\\.gradle\\caches\\modules-2\\files-2.1\\io.micrometer\\micrometer-observation\\1.13.2\\a498ee0871596f41a61679a29bc8390defba4245\\micrometer-observation-1.13.2.jar;C:\\Users\\naushad.shaikh\\.gradle\\caches\\modules-2\\files-2.1\\jakarta.validation\\jakarta.validation-api\\3.0.2\\92b6631659ba35ca09e44874d3eb936edfeee532\\jakarta.validation-api-3.0.2.jar;C:\\Users\\naushad.shaikh\\.gradle\\caches\\modules-2\\files-2.1\\org.eclipse.angus\\angus-activation\\2.0.2\\41f1e0ddd157c856926ed149ab837d110955a9fc\\angus-activation-2.0.2.jar;C:\\Users\\naushad.shaikh\\.gradle\\caches\\modules-2\\files-2.1\\jakarta.activation\\jakarta.activation-api\\2.1.3\\fa165bd70cda600368eee31555222776a46b881f\\jakarta.activation-api-2.1.3.jar;C:\\Users\\naushad.shaikh\\.gradle\\caches\\modules-2\\files-2.1\\net.minidev\\accessors-smart\\2.5.1\\19b820261eb2e7de7d5bde11d1c06e4501dd7e5f\\accessors-smart-2.5.1.jar;C:\\Users\\naushad.shaikh\\.gradle\\caches\\modules-2\\files-2.1\\net.bytebuddy\\byte-buddy-agent\\1.14.18\\417558ea01fe9f0e8a94af28b9469d281c4e3984\\byte-buddy-agent-1.14.18.jar;C:\\Users\\naushad.shaikh\\.gradle\\caches\\modules-2\\files-2.1\\org.objenesis\\objenesis\\3.3\\1049c09f1de4331e8193e579448d0916d75b7631\\objenesis-3.3.jar;C:\\Users\\naushad.shaikh\\.gradle\\caches\\modules-2\\files-2.1\\com.vaadin.external.google\\android-json\\0.0.20131108.vaadin1\\fa26d351fe62a6a17f5cda1287c1c6110dec413f\\android-json-0.0.20131108.vaadin1.jar;C:\\Users\\naushad.shaikh\\.gradle\\caches\\modules-2\\files-2.1\\org.springframework\\spring-jcl\\6.1.11\\97b34c6b72c8084759e71cd09a7dad16bfb8f1da\\spring-jcl-6.1.11.jar;C:\\Users\\naushad.shaikh\\.gradle\\caches\\modules-2\\files-2.1\\org.opentest4j\\opentest4j\\1.3.0\\152ea56b3a72f655d4fd677fc0ef2596c3dd5e6e\\opentest4j-1.3.0.jar;C:\\Users\\naushad.shaikh\\.gradle\\caches\\modules-2\\files-2.1\\io.micrometer\\micrometer-commons\\1.13.2\\b2b69f7887f9bf6f5ae42e86a67a62367056aa3c\\micrometer-commons-1.13.2.jar;C:\\Users\\naushad.shaikh\\.gradle\\caches\\modules-2\\files-2.1\\org.ow2.asm\\asm\\9.6\\aa205cf0a06dbd8e04ece91c0b37c3f5d567546a\\asm-9.6.jar;C:\\Users\\naushad.shaikh\\.gradle\\caches\\modules-2\\files-2.1\\org.glassfish.jaxb\\txw2\\4.0.5\\f36a4ef12120a9bb06d766d6a0e54b144fd7ed98\\txw2-4.0.5.jar;C:\\Users\\naushad.shaikh\\.gradle\\caches\\modules-2\\files-2.1\\com.sun.istack\\istack-commons-runtime\\4.1.2\\18ec117c85f3ba0ac65409136afa8e42bc74e739\\istack-commons-runtime-4.1.2.jar;C:\\Users\\naushad.shaikh\\.gradle\\caches\\modules-2\\files-2.1\\ch.qos.logback\\logback-core\\1.5.6\\41cbe874701200c5624c19e0ab50d1b88dfcc77d\\logback-core-1.5.6.jar;C:\\Users\\naushad.shaikh\\.gradle\\caches\\modules-2\\files-2.1\\org.apache.logging.log4j\\log4j-api\\2.23.1\\9c15c29c526d9c6783049c0a77722693c66706e1\\log4j-api-2.23.1.jar
Launcher Type: SUN_STANDARD

[Global flags]
     intx CICompilerCount                          = 3                                         {product} {ergonomic}
     uint ConcGCThreads                            = 1                                         {product} {ergonomic}
     uint G1ConcRefinementThreads                  = 4                                         {product} {ergonomic}
   size_t G1HeapRegionSize                         = 1048576                                   {product} {ergonomic}
    uintx GCDrainStackTargetSize                   = 64                                        {product} {ergonomic}
   size_t InitialHeapSize                          = 266338304                                 {product} {ergonomic}
   size_t MarkStackSize                            = 4194304                                   {product} {ergonomic}
   size_t MaxHeapSize                              = 536870912                                 {product} {command line}
   size_t MinHeapDeltaBytes                        = 1048576                                   {product} {ergonomic}
   size_t MinHeapSize                              = 8388608                                   {product} {ergonomic}
    uintx NonNMethodCodeHeapSize                   = 5832780                                {pd product} {ergonomic}
    uintx NonProfiledCodeHeapSize                  = 122912730                              {pd product} {ergonomic}
    uintx ProfiledCodeHeapSize                     = 122912730                              {pd product} {ergonomic}
    uintx ReservedCodeCacheSize                    = 251658240                              {pd product} {ergonomic}
     bool SegmentedCodeCache                       = true                                      {product} {ergonomic}
   size_t SoftMaxHeapSize                          = 536870912                              {manageable} {ergonomic}
     bool UseCompressedOops                        = true                           {product lp64_product} {ergonomic}
     bool UseG1GC                                  = true                                      {product} {ergonomic}
     bool UseLargePagesIndividualAllocation        = false                                  {pd product} {ergonomic}

Logging:
Log output configuration:
 #0: stdout all=warning uptime,level,tags foldmultilines=false
 #1: stderr all=off uptime,level,tags foldmultilines=false

Environment Variables:
CLASSPATH=D:\ToastMasterApp\\gradle\wrapper\gradle-wrapper.jar
PATH=C:\Program Files\Microsoft\jdk-21.0.3.9-hotspot\bin;C:\Windows\system32;C:\Windows;C:\Windows\System32\Wbem;C:\Windows\System32\WindowsPowerShell\v1.0\;C:\Windows\System32\OpenSSH\;C:\Program Files\Docker\Docker\resources\bin;C:\Program Files\Git\cmd;C:\Program Files\Microsoft VS Code\bin;C:\Program Files\k6\;D:\;C:\ProgramData\chocolatey\bin;C:\Users\naushad.shaikh\AppData\Local\Microsoft\WindowsApps;C:\Users\naushad.shaikh\AppData\Local\GitHubDesktop\bin;C:\Program Files\JetBrains\IntelliJ IDEA Community Edition 2024.1.4\bin;;C:\Users\naushad.shaikh\AppData\Roaming\npm
USERNAME=naushad.shaikh
LANG=en_US.UTF-8
OS=Windows_NT
PROCESSOR_IDENTIFIER=Intel64 Family 6 Model 142 Stepping 12, GenuineIntel
TMP=C:\Users\NAUSHA~1.SHA\AppData\Local\Temp
TEMP=C:\Users\NAUSHA~1.SHA\AppData\Local\Temp




Periodic native trim disabled

---------------  S Y S T E M  ---------------

OS:
 Windows 10 , 64 bit Build 19041 (10.0.19041.4717)
OS uptime: 3 days 5:53 hours
Hyper-V role detected

CPU: total 4 (initial active 4) (2 cores per cpu, 2 threads per core) family 6 model 142 stepping 12 microcode 0xf8, cx8, cmov, fxsr, ht, mmx, 3dnowpref, sse, sse2, sse3, ssse3, sse4.1, sse4.2, popcnt, lzcnt, tsc, tscinvbit, avx, avx2, aes, erms, clmul, bmi1, bmi2, adx, fma, vzeroupper, clflush, clflushopt, hv, rdtscp, f16c
Processor Information for all 4 processors :
  Max Mhz: 2592, Current Mhz: 2093, Mhz Limit: 2073

Memory: 4k page, system-wide physical 16145M (2667M free)
TotalPageFile size 28945M (AvailPageFile size 238M)
current process WorkingSet (physical memory assigned to process): 10M, peak: 10M
current process commit charge ("private bytes"): 51M, peak: 305M

vm_info: OpenJDK 64-Bit Server VM (21.0.3+9-LTS) for windows-amd64 JRE (21.0.3+9-LTS), built on 2024-04-10T01:25:38Z by "MicrosoftCorporation" with MS VC++ 16.10 / 16.11 (VS2019)

END.
